2024-04-18 11:39:58,472 DEBUG Horse : Создание Horse, имя Bucephalus, скорость 2.4
2024-04-18 11:39:58,487 DEBUG Horse : Создание Horse, имя Ace of Spades, скорость 2.5
2024-04-18 11:39:58,487 DEBUG Horse : Создание Horse, имя Zephyr, скорость 2.6
2024-04-18 11:39:58,487 DEBUG Horse : Создание Horse, имя Blaze, скорость 2.7
2024-04-18 11:39:58,487 DEBUG Horse : Создание Horse, имя Lobster, скорость 2.8
2024-04-18 11:39:58,487 DEBUG Horse : Создание Horse, имя Pegasus, скорость 2.9
2024-04-18 11:39:58,487 DEBUG Horse : Создание Horse, имя Cherry, скорость 3.0
2024-04-18 11:39:58,487 DEBUG Hippodrome : Создание Hippodrome, лошадей 7
2024-04-18 11:39:58,487 INFO  Main : Начало скачек. Количество участников: 7
2024-04-18 11:40:18,898 INFO  Main : Окончание скачек. Победитель: Cherry
2024-04-18 11:40:34,939 DEBUG Horse : Создание Horse, имя Bucephalus, скорость 2.4
2024-04-18 11:40:34,939 DEBUG Horse : Создание Horse, имя Ace of Spades, скорость 2.5
2024-04-18 11:40:34,939 DEBUG Horse : Создание Horse, имя Zephyr, скорость 2.6
2024-04-18 11:40:34,939 DEBUG Horse : Создание Horse, имя Blaze, скорость 2.7
2024-04-18 11:40:34,939 DEBUG Horse : Создание Horse, имя Lobster, скорость 2.8
2024-04-18 11:40:34,939 DEBUG Horse : Создание Horse, имя Pegasus, скорость 2.9
2024-04-18 11:40:34,939 DEBUG Horse : Создание Horse, имя Cherry, скорость 3.0
2024-04-18 11:40:34,939 DEBUG Hippodrome : Создание Hippodrome, лошадей 7
2024-04-18 11:40:34,939 INFO  Main : Начало скачек. Количество участников: 7
2024-04-18 11:40:55,363 INFO  Main : Окончание скачек. Победитель: Pegasus
